<?xml version="1.0" encoding="UTF-8"?>
<!-- Generated by org.testng.reporters.JUnitReportReporter -->
<testsuite skipped="0" hostname="NB-400" name="TestCases.LoginWithExtentReport" tests="3" failures="0" timestamp="2021-06-20T17:00:46 IST" time="2.227" errors="0">
  <testcase name="Homepage" time="1.102" classname="TestCases.LoginWithExtentReport"/>
  <system-out>
Login Link is clicked  </system-out>
  <testcase name="LoginPage" time="1.002" classname="TestCases.LoginWithExtentReport"/>
  <system-out/>
  <testcase name="VerificationPoint" time="0.123" classname="TestCases.LoginWithExtentReport"/>
  <system-out/>
</testsuite> <!-- TestCases.LoginWithExtentReport -->
