<?xml version="1.0" encoding="UTF-8"?>
<!-- Generated by org.testng.reporters.JUnitReportReporter -->
<testsuite skipped="0" hostname="NB-400" name="package1.LoginWithCoreUtility" tests="3" failures="0" timestamp="2021-01-27T14:00:10 IST" time="2.263" errors="0">
  <testcase name="Homepage" time="1.260" classname="package1.LoginWithCoreUtility"/>
  <system-out>
Login Link is clicked  </system-out>
  <testcase name="LoginPage" time="0.916" classname="package1.LoginWithCoreUtility"/>
  <system-out/>
  <testcase name="VerificationPoint" time="0.087" classname="package1.LoginWithCoreUtility"/>
  <system-out/>
</testsuite> <!-- package1.LoginWithCoreUtility -->
