<?xml version="1.0" encoding="UTF-8"?>
<!-- Generated by org.testng.reporters.JUnitReportReporter -->
<testsuite skipped="0" hostname="NB-400" name="TestCases.LoginWithCoreUtility" tests="3" failures="0" timestamp="2021-02-01T12:03:05 IST" time="1.920" errors="0">
  <testcase name="Homepage" time="1.021" classname="TestCases.LoginWithCoreUtility"/>
  <system-out>
Login Link is clicked  </system-out>
  <testcase name="LoginPage" time="0.797" classname="TestCases.LoginWithCoreUtility"/>
  <system-out/>
  <testcase name="VerificationPoint" time="0.102" classname="TestCases.LoginWithCoreUtility"/>
  <system-out/>
</testsuite> <!-- TestCases.LoginWithCoreUtility -->
