<?xml version="1.0" encoding="UTF-8"?>
<!-- Generated by org.testng.reporters.JUnitReportReporter -->
<testsuite skipped="0" hostname="NB-400" name="package1.LoginWithActionClass" tests="3" failures="0" timestamp="2021-02-01T11:57:32 IST" time="2.199" errors="0">
  <testcase name="Homepage" time="1.086" classname="package1.LoginWithActionClass"/>
  <system-out>
Login Link is clicked  </system-out>
  <testcase name="LoginPage" time="1.047" classname="package1.LoginWithActionClass"/>
  <system-out/>
  <testcase name="VerificationPoint" time="0.066" classname="package1.LoginWithActionClass"/>
  <system-out/>
</testsuite> <!-- package1.LoginWithActionClass -->
