<?xml version="1.0" encoding="UTF-8"?>
<!-- Generated by org.testng.reporters.JUnitReportReporter -->
<testsuite skipped="0" hostname="NB-400" name="TestCases.LoginWithActionClass" tests="3" failures="0" timestamp="2021-02-01T12:02:27 IST" time="2.665" errors="0">
  <testcase name="Homepage" time="1.149" classname="TestCases.LoginWithActionClass"/>
  <system-out>
Login Link is clicked  </system-out>
  <testcase name="LoginPage" time="1.435" classname="TestCases.LoginWithActionClass"/>
  <system-out/>
  <testcase name="VerificationPoint" time="0.081" classname="TestCases.LoginWithActionClass"/>
  <system-out/>
</testsuite> <!-- TestCases.LoginWithActionClass -->
