<?xml version="1.0" encoding="UTF-8"?>
<!-- Generated by org.testng.reporters.JUnitReportReporter -->
<testsuite skipped="0" hostname="NB-400" name="package1.LoginFlow" tests="2" failures="0" timestamp="2021-01-26T19:18:30 IST" time="1.687" errors="0">
  <testcase name="LoginToApp" time="1.629" classname="package1.LoginFlow"/>
  <system-out>
Login Link is clicked  </system-out>
  <testcase name="VerificationPoint" time="0.058" classname="package1.LoginFlow"/>
  <system-out/>
</testsuite> <!-- package1.LoginFlow -->
